0 info it worked if it ends with ok
1 verbose cli [ '/Users/kevingreen/.nvm/versions/node/v7.2.1/bin/node',
1 verbose cli   '/Users/kevingreen/.nvm/versions/node/v7.2.1/bin/npm',
1 verbose cli   'run',
1 verbose cli   'build' ]
2 info using npm@3.10.10
3 info using node@v7.2.1
4 verbose run-script [ 'prebuild', 'build', 'postbuild' ]
5 info lifecycle richer@0.2.0~prebuild: richer@0.2.0
6 verbose lifecycle richer@0.2.0~prebuild: unsafe-perm in lifecycle true
7 verbose lifecycle richer@0.2.0~prebuild: PATH: /Users/kevingreen/.nvm/versions/node/v7.2.1/lib/node_modules/npm/bin/node-gyp-bin:/Users/kevingreen/Sites/richer/package/node_modules/.bin:/Users/kevingreen/Sites/richer/package/node_modules/.bin:/Users/kevingreen/.config/yarn/link/node_modules/.bin:/Users/kevingreen/Sites/richer/package/node_modules/.bin:/Users/kevingreen/.config/yarn/link/node_modules/.bin:/usr/local/Cellar/yarn/0.18.1/libexec/lib/node_modules/yarn/bin/node-gyp-bin:/Users/kevingreen/.nvm/versions/node/v7.2.1/bin:/Users/kevingreen/.rvm/gems/ruby-2.1.1/bin:/Users/kevingreen/.rvm/gems/ruby-2.1.1@global/bin:/Users/kevingreen/.rvm/rubies/ruby-2.1.1/bin:/usr/local/bin:/usr/local/opt/php54/bin:/usr/local/bin:/usr/bin:/bin:/usr/sbin:/sbin:/Users/kevingreen/.rvm/bin:/Users/kevingreen/.rvm/bin
8 verbose lifecycle richer@0.2.0~prebuild: CWD: /Users/kevingreen/Sites/richer/package
9 silly lifecycle richer@0.2.0~prebuild: Args: [ '-c', 'npm run lint' ]
10 silly lifecycle richer@0.2.0~prebuild: Returned: code: 1  signal: null
11 info lifecycle richer@0.2.0~prebuild: Failed to exec prebuild script
12 verbose stack Error: richer@0.2.0 prebuild: `npm run lint`
12 verbose stack Exit status 1
12 verbose stack     at EventEmitter.<anonymous> (/Users/kevingreen/.nvm/versions/node/v7.2.1/lib/node_modules/npm/lib/utils/lifecycle.js:255:16)
12 verbose stack     at emitTwo (events.js:106:13)
12 verbose stack     at EventEmitter.emit (events.js:191:7)
12 verbose stack     at ChildProcess.<anonymous> (/Users/kevingreen/.nvm/versions/node/v7.2.1/lib/node_modules/npm/lib/utils/spawn.js:40:14)
12 verbose stack     at emitTwo (events.js:106:13)
12 verbose stack     at ChildProcess.emit (events.js:191:7)
12 verbose stack     at maybeClose (internal/child_process.js:885:16)
12 verbose stack     at Process.ChildProcess._handle.onexit (internal/child_process.js:226:5)
13 verbose pkgid richer@0.2.0
14 verbose cwd /Users/kevingreen/Sites/richer/package
15 error Darwin 16.4.0
16 error argv "/Users/kevingreen/.nvm/versions/node/v7.2.1/bin/node" "/Users/kevingreen/.nvm/versions/node/v7.2.1/bin/npm" "run" "build"
17 error node v7.2.1
18 error npm  v3.10.10
19 error code ELIFECYCLE
20 error richer@0.2.0 prebuild: `npm run lint`
20 error Exit status 1
21 error Failed at the richer@0.2.0 prebuild script 'npm run lint'.
21 error Make sure you have the latest version of node.js and npm installed.
21 error If you do, this is most likely a problem with the richer package,
21 error not with npm itself.
21 error Tell the author that this fails on your system:
21 error     npm run lint
21 error You can get information on how to open an issue for this project with:
21 error     npm bugs richer
21 error Or if that isn't available, you can get their info via:
21 error     npm owner ls richer
21 error There is likely additional logging output above.
22 verbose exit [ 1, true ]
